{"/workspace/open-trade/index.js": {"path":"/workspace/open-trade/index.js","statementMap":{"0":{"start":{"line":1,"column":16},"end":{"line":1,"column":34}},"1":{"start":{"line":2,"column":12},"end":{"line":2,"column":21}},"2":{"start":{"line":3,"column":15},"end":{"line":3,"column":32}},"3":{"start":{"line":4,"column":15},"end":{"line":4,"column":32}},"4":{"start":{"line":5,"column":15},"end":{"line":5,"column":34}},"5":{"start":{"line":6,"column":14},"end":{"line":6,"column":38}},"6":{"start":{"line":7,"column":0},"end":{"line":7,"column":15}},"7":{"start":{"line":8,"column":0},"end":{"line":8,"column":55}},"8":{"start":{"line":10,"column":0},"end":{"line":18,"column":2}},"9":{"start":{"line":11,"column":4},"end":{"line":17,"column":6}},"10":{"start":{"line":21,"column":0},"end":{"line":21,"column":47}},"11":{"start":{"line":24,"column":15},"end":{"line":27,"column":2}},"12":{"start":{"line":26,"column":4},"end":{"line":26,"column":64}},"13":{"start":{"line":29,"column":0},"end":{"line":29,"column":23}}},"fnMap":{"0":{"name":"(anonymous_0)","decl":{"start":{"line":10,"column":13},"end":{"line":10,"column":14}},"loc":{"start":{"line":10,"column":33},"end":{"line":18,"column":1}},"line":10},"1":{"name":"(anonymous_1)","decl":{"start":{"line":24,"column":33},"end":{"line":24,"column":34}},"loc":{"start":{"line":24,"column":39},"end":{"line":27,"column":1}},"line":24}},"branchMap":{"0":{"loc":{"start":{"line":6,"column":14},"end":{"line":6,"column":38}},"type":"binary-expr","locations":[{"start":{"line":6,"column":14},"end":{"line":6,"column":30}},{"start":{"line":6,"column":34},"end":{"line":6,"column":38}}],"line":6}},"s":{"0":1,"1":1,"2":1,"3":1,"4":1,"5":1,"6":1,"7":1,"8":1,"9":0,"10":1,"11":1,"12":1,"13":1},"f":{"0":0,"1":1},"b":{"0":[1,1]},"_coverageSchema":"1a1c01bbd47fc00a2c39e90264f33305004495a9","hash":"ff45a583f3ca1c8cf26647f4125612534000b5c3"}
,"/workspace/open-trade/logger.js": {"path":"/workspace/open-trade/logger.js","statementMap":{"0":{"start":{"line":1,"column":45},"end":{"line":1,"column":63}},"1":{"start":{"line":2,"column":46},"end":{"line":2,"column":52}},"2":{"start":{"line":4,"column":17},"end":{"line":6,"column":2}},"3":{"start":{"line":5,"column":2},"end":{"line":5,"column":47}},"4":{"start":{"line":8,"column":15},"end":{"line":23,"column":2}},"5":{"start":{"line":24,"column":0},"end":{"line":28,"column":2}},"6":{"start":{"line":26,"column":6},"end":{"line":26,"column":27}},"7":{"start":{"line":30,"column":0},"end":{"line":30,"column":23}}},"fnMap":{"0":{"name":"(anonymous_0)","decl":{"start":{"line":4,"column":24},"end":{"line":4,"column":25}},"loc":{"start":{"line":4,"column":66},"end":{"line":6,"column":1}},"line":4},"1":{"name":"(anonymous_1)","decl":{"start":{"line":25,"column":9},"end":{"line":25,"column":10}},"loc":{"start":{"line":25,"column":36},"end":{"line":27,"column":3}},"line":25}},"branchMap":{},"s":{"0":1,"1":1,"2":1,"3":5,"4":1,"5":1,"6":4,"7":1},"f":{"0":5,"1":4},"b":{},"_coverageSchema":"1a1c01bbd47fc00a2c39e90264f33305004495a9","hash":"05f35eede05a1857227378cc670f6f3ece59eeb2"}
,"/workspace/open-trade/controllers/historical_data/historical_data.js": {"path":"/workspace/open-trade/controllers/historical_data/historical_data.js","statementMap":{"0":{"start":{"line":1,"column":19},"end":{"line":1,"column":43}},"1":{"start":{"line":3,"column":0},"end":{"line":79,"column":1}},"2":{"start":{"line":5,"column":2},"end":{"line":78,"column":3}},"3":{"start":{"line":6,"column":15},"end":{"line":6,"column":24}},"4":{"start":{"line":8,"column":4},"end":{"line":27,"column":5}},"5":{"start":{"line":9,"column":24},"end":{"line":9,"column":34}},"6":{"start":{"line":10,"column":22},"end":{"line":10,"column":41}},"7":{"start":{"line":12,"column":19},"end":{"line":12,"column":40}},"8":{"start":{"line":13,"column":20},"end":{"line":13,"column":67}},"9":{"start":{"line":14,"column":18},"end":{"line":14,"column":60}},"10":{"start":{"line":16,"column":25},"end":{"line":16,"column":99}},"11":{"start":{"line":18,"column":29},"end":{"line":18,"column":53}},"12":{"start":{"line":19,"column":30},"end":{"line":19,"column":80}},"13":{"start":{"line":20,"column":28},"end":{"line":20,"column":73}},"14":{"start":{"line":22,"column":29},"end":{"line":22,"column":84}},"15":{"start":{"line":23,"column":27},"end":{"line":23,"column":52}},"16":{"start":{"line":25,"column":6},"end":{"line":25,"column":32}},"17":{"start":{"line":26,"column":6},"end":{"line":26,"column":28}},"18":{"start":{"line":29,"column":4},"end":{"line":35,"column":5}},"19":{"start":{"line":30,"column":6},"end":{"line":34,"column":8}},"20":{"start":{"line":37,"column":19},"end":{"line":37,"column":39}},"21":{"start":{"line":39,"column":17},"end":{"line":39,"column":35}},"22":{"start":{"line":41,"column":4},"end":{"line":47,"column":5}},"23":{"start":{"line":42,"column":6},"end":{"line":46,"column":8}},"24":{"start":{"line":50,"column":4},"end":{"line":71,"column":7}},"25":{"start":{"line":57,"column":6},"end":{"line":64,"column":7}},"26":{"start":{"line":58,"column":8},"end":{"line":62,"column":10}},"27":{"start":{"line":66,"column":6},"end":{"line":70,"column":8}},"28":{"start":{"line":73,"column":4},"end":{"line":77,"column":6}}},"fnMap":{"0":{"name":"(anonymous_0)","decl":{"start":{"line":3,"column":18},"end":{"line":3,"column":19}},"loc":{"start":{"line":3,"column":44},"end":{"line":79,"column":1}},"line":3},"1":{"name":"(anonymous_1)","decl":{"start":{"line":56,"column":7},"end":{"line":56,"column":8}},"loc":{"start":{"line":56,"column":30},"end":{"line":71,"column":5}},"line":56}},"branchMap":{"0":{"loc":{"start":{"line":8,"column":4},"end":{"line":27,"column":5}},"type":"if","locations":[{"start":{"line":8,"column":4},"end":{"line":27,"column":5}},{"start":{},"end":{}}],"line":8},"1":{"loc":{"start":{"line":8,"column":8},"end":{"line":8,"column":54}},"type":"binary-expr","locations":[{"start":{"line":8,"column":8},"end":{"line":8,"column":30}},{"start":{"line":8,"column":34},"end":{"line":8,"column":54}}],"line":8},"2":{"loc":{"start":{"line":29,"column":4},"end":{"line":35,"column":5}},"type":"if","locations":[{"start":{"line":29,"column":4},"end":{"line":35,"column":5}},{"start":{},"end":{}}],"line":29},"3":{"loc":{"start":{"line":39,"column":17},"end":{"line":39,"column":35}},"type":"binary-expr","locations":[{"start":{"line":39,"column":17},"end":{"line":39,"column":28}},{"start":{"line":39,"column":32},"end":{"line":39,"column":35}}],"line":39},"4":{"loc":{"start":{"line":41,"column":4},"end":{"line":47,"column":5}},"type":"if","locations":[{"start":{"line":41,"column":4},"end":{"line":47,"column":5}},{"start":{},"end":{}}],"line":41},"5":{"loc":{"start":{"line":41,"column":7},"end":{"line":41,"column":64}},"type":"binary-expr","locations":[{"start":{"line":41,"column":7},"end":{"line":41,"column":36}},{"start":{"line":41,"column":40},"end":{"line":41,"column":64}}],"line":41},"6":{"loc":{"start":{"line":57,"column":6},"end":{"line":64,"column":7}},"type":"if","locations":[{"start":{"line":57,"column":6},"end":{"line":64,"column":7}},{"start":{},"end":{}}],"line":57}},"s":{"0":1,"1":1,"2":4,"3":4,"4":4,"5":3,"6":3,"7":3,"8":3,"9":3,"10":3,"11":3,"12":3,"13":3,"14":3,"15":3,"16":3,"17":3,"18":4,"19":1,"20":3,"21":3,"22":3,"23":1,"24":2,"25":2,"26":0,"27":2,"28":0},"f":{"0":4,"1":2},"b":{"0":[3,1],"1":[4,1],"2":[1,3],"3":[3,1],"4":[1,2],"5":[3,2],"6":[0,2]},"_coverageSchema":"1a1c01bbd47fc00a2c39e90264f33305004495a9","hash":"8a68e1126329010ad39e7611c2ee24db2e6bda48"}
,"/workspace/open-trade/routes/historical_data.routes.js": {"path":"/workspace/open-trade/routes/historical_data.routes.js","statementMap":{"0":{"start":{"line":1,"column":0},"end":{"line":9,"column":2}},"1":{"start":{"line":2,"column":17},"end":{"line":2,"column":77}},"2":{"start":{"line":4,"column":17},"end":{"line":4,"column":44}},"3":{"start":{"line":6,"column":4},"end":{"line":6,"column":48}},"4":{"start":{"line":8,"column":4},"end":{"line":8,"column":31}}},"fnMap":{"0":{"name":"(anonymous_0)","decl":{"start":{"line":1,"column":17},"end":{"line":1,"column":18}},"loc":{"start":{"line":1,"column":26},"end":{"line":9,"column":1}},"line":1}},"branchMap":{},"s":{"0":1,"1":1,"2":1,"3":1,"4":1},"f":{"0":1},"b":{},"_coverageSchema":"1a1c01bbd47fc00a2c39e90264f33305004495a9","hash":"d980ad4d6b132ad8d128b3a21827c6ec8595b074"}
}
