TN:
SF:index.js
FN:10,(anonymous_0)
FN:24,(anonymous_1)
FNF:2
FNH:1
FNDA:0,(anonymous_0)
FNDA:1,(anonymous_1)
DA:1,1
DA:2,1
DA:3,1
DA:4,1
DA:5,1
DA:6,1
DA:7,1
DA:8,1
DA:10,1
DA:11,0
DA:21,1
DA:24,1
DA:26,1
DA:29,1
LF:14
LH:13
BRDA:6,0,0,1
BRDA:6,0,1,1
BRF:2
BRH:2
end_of_record
TN:
SF:logger.js
FN:4,(anonymous_0)
FN:25,(anonymous_1)
FNF:2
FNH:2
FNDA:5,(anonymous_0)
FNDA:4,(anonymous_1)
DA:1,1
DA:2,1
DA:4,1
DA:5,5
DA:8,1
DA:24,1
DA:26,4
DA:30,1
LF:8
LH:8
BRF:0
BRH:0
end_of_record
TN:
SF:controllers/historical_data/historical_data.js
FN:3,(anonymous_0)
FN:56,(anonymous_1)
FNF:2
FNH:2
FNDA:4,(anonymous_0)
FNDA:2,(anonymous_1)
DA:1,1
DA:3,1
DA:5,4
DA:6,4
DA:8,4
DA:9,3
DA:10,3
DA:12,3
DA:13,3
DA:14,3
DA:16,3
DA:18,3
DA:19,3
DA:20,3
DA:22,3
DA:23,3
DA:25,3
DA:26,3
DA:29,4
DA:30,1
DA:37,3
DA:39,3
DA:41,3
DA:42,1
DA:50,2
DA:57,2
DA:58,0
DA:66,2
DA:73,0
LF:29
LH:27
BRDA:8,0,0,3
BRDA:8,0,1,1
BRDA:8,1,0,4
BRDA:8,1,1,1
BRDA:29,2,0,1
BRDA:29,2,1,3
BRDA:39,3,0,3
BRDA:39,3,1,1
BRDA:41,4,0,1
BRDA:41,4,1,2
BRDA:41,5,0,3
BRDA:41,5,1,2
BRDA:57,6,0,0
BRDA:57,6,1,2
BRF:14
BRH:13
end_of_record
TN:
SF:routes/historical_data.routes.js
FN:1,(anonymous_0)
FNF:1
FNH:1
FNDA:1,(anonymous_0)
DA:1,1
DA:2,1
DA:4,1
DA:6,1
DA:8,1
LF:5
LH:5
BRF:0
BRH:0
end_of_record
